amrex::Error::3::operator>>(istream&,IntVect&): expected '(' !!!
amrex::Error::1::operator>>(istream&,IntVect&): expected '(' !!!
SIGABRT
amrex::Error::2::operator>>(istream&,IntVect&): expected '(' !!!
SIGABRT
SIGABRT
amrex::Error::0::operator>>(istream&,IntVect&): expected '(' !!!
SIGABRT
See Backtrace.2 file for details
See Backtrace.0 file for details
See Backtrace.3 file for details
See Backtrace.1 file for details
--------------------------------------------------------------------------
MPI_ABORT was invoked on rank 2 in communicator MPI_COMM_WORLD
with errorcode 6.

NOTE: invoking MPI_ABORT causes Open MPI to kill all MPI processes.
You may or may not see output from other processes, depending on
exactly when Open MPI kills them.
--------------------------------------------------------------------------
[rhodes.hpc.nrel.gov:36557] 1 more process has sent help message help-mpi-api.txt / mpi-abort
[rhodes.hpc.nrel.gov:36557] Set MCA parameter "orte_base_help_aggregate" to 0 to see all help / error messages
