MPI initialized with 4 MPI processes
AMReX (19.04.2-290-g9ed24023d5a0) initialized

Starting run at 12:01:42 UTC on 2019-04-24.
Successfully read inputs file ... 

PeleC git hash: dd15090
AMReX git hash: 19.04.2-290-g9ed24023d
PelePhysics git hash: 5ce24f2

reading extern runtime parameters ...
 Using good ol' dvode
 --> DENSE solver without Analytical J
  ->with internal energy (UV cst)

Time in set_method_params: 0.0006269579753

Using Ghost-Cells Navier-Stokes Characteristic BCs for advection: nscbc_adv = 1

9 Species: 
H2  O2  H2O  H  O  OH  HO2  H2O2  N2  
0 Auxiliary Variables: 

Successfully read inputs file ... 
Starting to call amrex_probinit ... 
Successfully run amrex_probinit
Initializing the data at level 0
Done initializing level 0 data 
...estimated hydro-limited timestep at level 0: 5.167687319e-08
PeleC::estTimeStep (hydro-limited) at level 0:  estdt = 5.167687319e-08
grid_places() time: 0.003384592 new finest: 1
Initializing the data at level 1
Done initializing level 1 data 
grid_places() time: 0.005208055 new finest: 2
Initializing the data at level 2
Done initializing level 2 data 
Now regridding at level lbase = 0
grid_places() time: 0.01076941 new finest: 2
Initializing the data at level 1
Done initializing level 1 data 
Initializing the data at level 2
Done initializing level 2 data 
STEP = 0 TIME = 0 : REGRID  with lbase = 0
  Level 1   5 grids  10240 cells  15.625 % of domain
            smallest grid: 16 x 16 x 8  biggest grid: 16 x 16 x 8
  Level 2   6 grids  40960 cells  7.8125 % of domain
            smallest grid: 32 x 16 x 8  biggest grid: 32 x 16 x 16

Now regridding at level lbase = 0
grid_places() time: 0.045395466 new finest: 2
Initializing the data at level 1
Done initializing level 1 data 
Initializing the data at level 2
Done initializing level 2 data 
STEP = 0 TIME = 0 : REGRID  with lbase = 0
  Level 1   5 grids  10240 cells  15.625 % of domain
            smallest grid: 16 x 16 x 8  biggest grid: 16 x 16 x 8
  Level 2   6 grids  40960 cells  7.8125 % of domain
            smallest grid: 32 x 16 x 8  biggest grid: 32 x 16 x 16

... Initializing reactions, using interval dt = 5.167687319e-09

TIME= 0 MASS        = 0.000266740362
TIME= 0 XMOM        = 0
TIME= 0 YMOM        = 0
TIME= 0 ZMOM        = 0.01137950585
TIME= 0 RHO*e       = -497091.9775
TIME= 0 RHO*K       = 0.3959829214
TIME= 0 RHO*E       = -497091.5815
TIME= 0 ENSTROPHY   = 0.474643702
TIME= 0 FUEL PROD   = 0
TIME= 0 TEMP        = 474.0030482
... Initializing reactions, using interval dt = 2.58384366e-09
... Initializing reactions, using interval dt = 1.29192183e-09
INITIAL GRIDS 
  Level 0   4 grids  8192 cells  100 % of domain
            smallest grid: 8 x 8 x 32  biggest grid: 8 x 8 x 32
  Level 1   5 grids  10240 cells  15.625 % of domain
            smallest grid: 16 x 16 x 8  biggest grid: 16 x 16 x 8
  Level 2   6 grids  40960 cells  7.8125 % of domain
            smallest grid: 32 x 16 x 8  biggest grid: 32 x 16 x 16

PLOTFILE: file = FIAB-3d_plt00000
Write plotfile time = 0.261799926  seconds

...estimated hydro-limited timestep at level 0: 5.167687319e-08
PeleC::estTimeStep (hydro-limited) at level 0:  estdt = 5.167687319e-08
...estimated hydro-limited timestep at level 1: 2.584341036e-08
PeleC::estTimeStep (hydro-limited) at level 1:  estdt = 2.584341036e-08
...estimated hydro-limited timestep at level 2: 1.293474569e-08
PeleC::estTimeStep (hydro-limited) at level 2:  estdt = 1.293474569e-08
[Level 0 step 1] ADVANCE with dt = 5.167687319e-09
SDC iteration 1 of 2.
... Computing diffusion terms at t^(n)
... Computing hydro advance
... Computing diffusion terms at t^(n+1,1)
... Computing reactions for dt = 5.167687319e-09
SDC iteration 2 of 2.
... Computing hydro advance
... Computing diffusion terms at t^(n+1,2)
... Computing reactions for dt = 5.167687319e-09
[Level 0 step 1] Advanced 8192 cells
[Level 1 step 1] ADVANCE with dt = 2.58384366e-09
SDC iteration 1 of 2.
... Computing diffusion terms at t^(n)
... Computing hydro advance
... Computing diffusion terms at t^(n+1,1)
... Computing reactions for dt = 2.58384366e-09
SDC iteration 2 of 2.
... Computing hydro advance
... Computing diffusion terms at t^(n+1,2)
... Computing reactions for dt = 2.58384366e-09
[Level 1 step 1] Advanced 10240 cells
[Level 2 step 1] ADVANCE with dt = 1.29192183e-09
SDC iteration 1 of 2.
... Computing diffusion terms at t^(n)
... Computing hydro advance
... Computing diffusion terms at t^(n+1,1)
... Computing reactions for dt = 1.29192183e-09
SDC iteration 2 of 2.
... Computing hydro advance
... Computing diffusion terms at t^(n+1,2)
... Computing reactions for dt = 1.29192183e-09
[Level 2 step 1] Advanced 40960 cells
[Level 2 step 2] ADVANCE with dt = 1.29192183e-09
SDC iteration 1 of 2.
... Computing diffusion terms at t^(n)
... Computing hydro advance
... Computing diffusion terms at t^(n+1,1)
... Computing reactions for dt = 1.29192183e-09
SDC iteration 2 of 2.
... Computing hydro advance
... Computing diffusion terms at t^(n+1,2)
... Computing reactions for dt = 1.29192183e-09
[Level 2 step 2] Advanced 40960 cells
PeleC::reflux() at level 1 : time = 0.2685914699
[Level 1 step 2] ADVANCE with dt = 2.58384366e-09
SDC iteration 1 of 2.
... Computing diffusion terms at t^(n)
... Computing hydro advance
... Computing diffusion terms at t^(n+1,1)
... Computing reactions for dt = 2.58384366e-09
SDC iteration 2 of 2.
... Computing hydro advance
... Computing diffusion terms at t^(n+1,2)
... Computing reactions for dt = 2.58384366e-09
[Level 1 step 2] Advanced 10240 cells
[Level 2 step 3] ADVANCE with dt = 1.29192183e-09
SDC iteration 1 of 2.
... Computing diffusion terms at t^(n)
... Computing hydro advance
... Computing diffusion terms at t^(n+1,1)
... Computing reactions for dt = 1.29192183e-09
SDC iteration 2 of 2.
... Computing hydro advance
... Computing diffusion terms at t^(n+1,2)
... Computing reactions for dt = 1.29192183e-09
[Level 2 step 3] Advanced 40960 cells
[Level 2 step 4] ADVANCE with dt = 1.29192183e-09
SDC iteration 1 of 2.
... Computing diffusion terms at t^(n)
... Computing hydro advance
... Computing diffusion terms at t^(n+1,1)
... Computing reactions for dt = 1.29192183e-09
SDC iteration 2 of 2.
... Computing hydro advance
... Computing diffusion terms at t^(n+1,2)
... Computing reactions for dt = 1.29192183e-09
[Level 2 step 4] Advanced 40960 cells
PeleC::reflux() at level 1 : time = 0.272246829
PeleC::reflux() at level 0 : time = 0.001037404174

TIME= 5.167687319e-09 MASS        = 0.000266740362
TIME= 5.167687319e-09 XMOM        = 9.106536334e-27
TIME= 5.167687319e-09 YMOM        = 9.546601309e-22
TIME= 5.167687319e-09 ZMOM        = 0.01137950493
TIME= 5.167687319e-09 RHO*e       = -497091.9775
TIME= 5.167687319e-09 RHO*K       = 0.3959827933
TIME= 5.167687319e-09 RHO*E       = -497091.5815
TIME= 5.167687319e-09 ENSTROPHY   = 0.4743936149
TIME= 5.167687319e-09 FUEL PROD   = 0
TIME= 5.167687319e-09 TEMP        = 474.0030441

[STEP 1] Coarse TimeStep time: 6.182798562
[STEP 1] FAB kilobyte spread across MPI nodes: [45434 ... 72793]

STEP = 1 TIME = 5.167687319e-09 DT = 5.167687319e-09

...estimated hydro-limited timestep at level 0: 5.167687314e-08
PeleC::estTimeStep (hydro-limited) at level 0:  estdt = 5.167687314e-08
...estimated hydro-limited timestep at level 1: 2.584341059e-08
PeleC::estTimeStep (hydro-limited) at level 1:  estdt = 2.584341059e-08
...estimated hydro-limited timestep at level 2: 1.293474686e-08
PeleC::estTimeStep (hydro-limited) at level 2:  estdt = 1.293474686e-08
PeleC::compute_new_dt : limiting dt at level 0
 ... new dt computed: 5.167687314e-08
 ... but limiting to: 5.684456051e-09 = 1.1 * 5.167687319e-09
PeleC::compute_new_dt : limiting dt at level 1
 ... new dt computed: 2.584341059e-08
 ... but limiting to: 2.842228025e-09 = 1.1 * 2.58384366e-09
PeleC::compute_new_dt : limiting dt at level 2
 ... new dt computed: 1.293474686e-08
 ... but limiting to: 1.421114013e-09 = 1.1 * 1.29192183e-09
Now regridding at level lbase = 1
grid_places() time: 0.00517929 new finest: 2
TIME = 5.167687319e-09 : REGRID  with lbase = 1
  Level 2   6 grids  40960 cells  7.8125 % of domain
            smallest grid: 32 x 16 x 8  biggest grid: 32 x 16 x 16

[Level 0 step 2] ADVANCE with dt = 5.684456051e-09
SDC iteration 1 of 2.
... Computing diffusion terms at t^(n)
... Computing hydro advance
... Computing diffusion terms at t^(n+1,1)
... Computing reactions for dt = 5.684456051e-09
SDC iteration 2 of 2.
... Computing hydro advance
... Computing diffusion terms at t^(n+1,2)
... Computing reactions for dt = 5.684456051e-09
[Level 0 step 2] Advanced 8192 cells
[Level 1 step 3] ADVANCE with dt = 2.842228025e-09
SDC iteration 1 of 2.
... Computing diffusion terms at t^(n)
... Computing hydro advance
... Computing diffusion terms at t^(n+1,1)
... Computing reactions for dt = 2.842228025e-09
SDC iteration 2 of 2.
... Computing hydro advance
... Computing diffusion terms at t^(n+1,2)
... Computing reactions for dt = 2.842228025e-09
[Level 1 step 3] Advanced 10240 cells
[Level 2 step 5] ADVANCE with dt = 1.421114013e-09
SDC iteration 1 of 2.
... Computing diffusion terms at t^(n)
... Computing hydro advance
... Computing diffusion terms at t^(n+1,1)
... Computing reactions for dt = 1.421114013e-09
SDC iteration 2 of 2.
... Computing hydro advance
... Computing diffusion terms at t^(n+1,2)
... Computing reactions for dt = 1.421114013e-09
[Level 2 step 5] Advanced 40960 cells
[Level 2 step 6] ADVANCE with dt = 1.421114013e-09
SDC iteration 1 of 2.
... Computing diffusion terms at t^(n)
... Computing hydro advance
... Computing diffusion terms at t^(n+1,1)
... Computing reactions for dt = 1.421114013e-09
SDC iteration 2 of 2.
... Computing hydro advance
... Computing diffusion terms at t^(n+1,2)
... Computing reactions for dt = 1.421114013e-09
[Level 2 step 6] Advanced 40960 cells
PeleC::reflux() at level 1 : time = 0.274440934
[Level 1 step 4] ADVANCE with dt = 2.842228025e-09
SDC iteration 1 of 2.
... Computing diffusion terms at t^(n)
... Computing hydro advance
... Computing diffusion terms at t^(n+1,1)
... Computing reactions for dt = 2.842228025e-09
SDC iteration 2 of 2.
... Computing hydro advance
... Computing diffusion terms at t^(n+1,2)
... Computing reactions for dt = 2.842228025e-09
[Level 1 step 4] Advanced 10240 cells
[Level 2 step 7] ADVANCE with dt = 1.421114013e-09
SDC iteration 1 of 2.
... Computing diffusion terms at t^(n)
... Computing hydro advance
... Computing diffusion terms at t^(n+1,1)
... Computing reactions for dt = 1.421114013e-09
SDC iteration 2 of 2.
... Computing hydro advance
... Computing diffusion terms at t^(n+1,2)
... Computing reactions for dt = 1.421114013e-09
[Level 2 step 7] Advanced 40960 cells
[Level 2 step 8] ADVANCE with dt = 1.421114013e-09
SDC iteration 1 of 2.
... Computing diffusion terms at t^(n)
... Computing hydro advance
... Computing diffusion terms at t^(n+1,1)
... Computing reactions for dt = 1.421114013e-09
SDC iteration 2 of 2.
... Computing hydro advance
... Computing diffusion terms at t^(n+1,2)
... Computing reactions for dt = 1.421114013e-09
[Level 2 step 8] Advanced 40960 cells
PeleC::reflux() at level 1 : time = 0.2796985211
PeleC::reflux() at level 0 : time = 0.001175454119

TIME= 1.085214337e-08 MASS        = 0.000266740362
TIME= 1.085214337e-08 XMOM        = -8.68915989e-26
TIME= 1.085214337e-08 YMOM        = 1.882585526e-21
TIME= 1.085214337e-08 ZMOM        = 0.01137950391
TIME= 1.085214337e-08 RHO*e       = -497091.9775
TIME= 1.085214337e-08 RHO*K       = 0.3959826761
TIME= 1.085214337e-08 RHO*E       = -497091.5815
TIME= 1.085214337e-08 ENSTROPHY   = 0.4735529855
TIME= 1.085214337e-08 FUEL PROD   = 0
TIME= 1.085214337e-08 TEMP        = 474.0030396

[STEP 2] Coarse TimeStep time: 6.226611049
[STEP 2] FAB kilobyte spread across MPI nodes: [45434 ... 75785]

STEP = 2 TIME = 1.085214337e-08 DT = 5.684456051e-09

...estimated hydro-limited timestep at level 0: 5.167687309e-08
PeleC::estTimeStep (hydro-limited) at level 0:  estdt = 5.167687309e-08
...estimated hydro-limited timestep at level 1: 2.584341086e-08
PeleC::estTimeStep (hydro-limited) at level 1:  estdt = 2.584341086e-08
...estimated hydro-limited timestep at level 2: 1.293474817e-08
PeleC::estTimeStep (hydro-limited) at level 2:  estdt = 1.293474817e-08
PeleC::compute_new_dt : limiting dt at level 0
 ... new dt computed: 5.167687309e-08
 ... but limiting to: 6.252901656e-09 = 1.1 * 5.684456051e-09
PeleC::compute_new_dt : limiting dt at level 1
 ... new dt computed: 2.584341086e-08
 ... but limiting to: 3.126450828e-09 = 1.1 * 2.842228025e-09
PeleC::compute_new_dt : limiting dt at level 2
 ... new dt computed: 1.293474817e-08
 ... but limiting to: 1.563225414e-09 = 1.1 * 1.421114013e-09
Now regridding at level lbase = 0
grid_places() time: 0.007063432 new finest: 2
STEP = 2 TIME = 1.085214337e-08 : REGRID  with lbase = 0
  Level 1   5 grids  10240 cells  15.625 % of domain
            smallest grid: 16 x 16 x 8  biggest grid: 16 x 16 x 8
  Level 2   6 grids  40960 cells  7.8125 % of domain
            smallest grid: 32 x 16 x 8  biggest grid: 32 x 16 x 16

[Level 0 step 3] ADVANCE with dt = 6.252901656e-09
SDC iteration 1 of 2.
... Computing diffusion terms at t^(n)
... Computing hydro advance
... Computing diffusion terms at t^(n+1,1)
... Computing reactions for dt = 6.252901656e-09
SDC iteration 2 of 2.
... Computing hydro advance
... Computing diffusion terms at t^(n+1,2)
... Computing reactions for dt = 6.252901656e-09
[Level 0 step 3] Advanced 8192 cells
[Level 1 step 5] ADVANCE with dt = 3.126450828e-09
SDC iteration 1 of 2.
... Computing diffusion terms at t^(n)
... Computing hydro advance
... Computing diffusion terms at t^(n+1,1)
... Computing reactions for dt = 3.126450828e-09
SDC iteration 2 of 2.
... Computing hydro advance
... Computing diffusion terms at t^(n+1,2)
... Computing reactions for dt = 3.126450828e-09
[Level 1 step 5] Advanced 10240 cells
[Level 2 step 9] ADVANCE with dt = 1.563225414e-09
SDC iteration 1 of 2.
... Computing diffusion terms at t^(n)
... Computing hydro advance
... Computing diffusion terms at t^(n+1,1)
... Computing reactions for dt = 1.563225414e-09
SDC iteration 2 of 2.
... Computing hydro advance
... Computing diffusion terms at t^(n+1,2)
... Computing reactions for dt = 1.563225414e-09
[Level 2 step 9] Advanced 40960 cells
[Level 2 step 10] ADVANCE with dt = 1.563225414e-09
SDC iteration 1 of 2.
... Computing diffusion terms at t^(n)
... Computing hydro advance
... Computing diffusion terms at t^(n+1,1)
... Computing reactions for dt = 1.563225414e-09
SDC iteration 2 of 2.
... Computing hydro advance
... Computing diffusion terms at t^(n+1,2)
... Computing reactions for dt = 1.563225414e-09
[Level 2 step 10] Advanced 40960 cells
PeleC::reflux() at level 1 : time = 0.2864180352
[Level 1 step 6] ADVANCE with dt = 3.126450828e-09
SDC iteration 1 of 2.
... Computing diffusion terms at t^(n)
... Computing hydro advance
... Computing diffusion terms at t^(n+1,1)
... Computing reactions for dt = 3.126450828e-09
SDC iteration 2 of 2.
... Computing hydro advance
... Computing diffusion terms at t^(n+1,2)
... Computing reactions for dt = 3.126450828e-09
[Level 1 step 6] Advanced 10240 cells
[Level 2 step 11] ADVANCE with dt = 1.563225414e-09
SDC iteration 1 of 2.
... Computing diffusion terms at t^(n)
... Computing hydro advance
... Computing diffusion terms at t^(n+1,1)
... Computing reactions for dt = 1.563225414e-09
SDC iteration 2 of 2.
... Computing hydro advance
... Computing diffusion terms at t^(n+1,2)
... Computing reactions for dt = 1.563225414e-09
[Level 2 step 11] Advanced 40960 cells
[Level 2 step 12] ADVANCE with dt = 1.563225414e-09
SDC iteration 1 of 2.
... Computing diffusion terms at t^(n)
... Computing hydro advance
... Computing diffusion terms at t^(n+1,1)
... Computing reactions for dt = 1.563225414e-09
SDC iteration 2 of 2.
... Computing hydro advance
... Computing diffusion terms at t^(n+1,2)
... Computing reactions for dt = 1.563225414e-09
[Level 2 step 12] Advanced 40960 cells
PeleC::reflux() at level 1 : time = 0.2814155691
PeleC::reflux() at level 0 : time = 0.001090513077

TIME= 1.710504503e-08 MASS        = 0.000266740362
TIME= 1.710504503e-08 XMOM        = -2.540806591e-25
TIME= 1.710504503e-08 YMOM        = -3.179216986e-21
TIME= 1.710504503e-08 ZMOM        = 0.01137950279
TIME= 1.710504503e-08 RHO*e       = -497091.9775
TIME= 1.710504503e-08 RHO*K       = 0.3959825849
TIME= 1.710504503e-08 RHO*E       = -497091.5815
TIME= 1.710504503e-08 ENSTROPHY   = 0.471964111
TIME= 1.710504503e-08 FUEL PROD   = 0
TIME= 1.710504503e-08 TEMP        = 474.0030347

[STEP 3] Coarse TimeStep time: 6.394174758
[STEP 3] FAB kilobyte spread across MPI nodes: [45434 ... 75785]

STEP = 3 TIME = 1.710504503e-08 DT = 6.252901656e-09

...estimated hydro-limited timestep at level 0: 5.167687303e-08
PeleC::estTimeStep (hydro-limited) at level 0:  estdt = 5.167687303e-08
...estimated hydro-limited timestep at level 1: 2.584341116e-08
PeleC::estTimeStep (hydro-limited) at level 1:  estdt = 2.584341116e-08
...estimated hydro-limited timestep at level 2: 1.293474963e-08
PeleC::estTimeStep (hydro-limited) at level 2:  estdt = 1.293474963e-08
PeleC::compute_new_dt : limiting dt at level 0
 ... new dt computed: 5.167687303e-08
 ... but limiting to: 6.878191822e-09 = 1.1 * 6.252901656e-09
PeleC::compute_new_dt : limiting dt at level 1
 ... new dt computed: 2.584341116e-08
 ... but limiting to: 3.439095911e-09 = 1.1 * 3.126450828e-09
PeleC::compute_new_dt : limiting dt at level 2
 ... new dt computed: 1.293474963e-08
 ... but limiting to: 1.719547955e-09 = 1.1 * 1.563225414e-09
Now regridding at level lbase = 1
grid_places() time: 0.005619407 new finest: 2
TIME = 1.710504503e-08 : REGRID  with lbase = 1
  Level 2   6 grids  40960 cells  7.8125 % of domain
            smallest grid: 32 x 16 x 8  biggest grid: 32 x 16 x 16

[Level 0 step 4] ADVANCE with dt = 6.878191822e-09
SDC iteration 1 of 2.
... Computing diffusion terms at t^(n)
... Computing hydro advance
... Computing diffusion terms at t^(n+1,1)
... Computing reactions for dt = 6.878191822e-09
SDC iteration 2 of 2.
... Computing hydro advance
... Computing diffusion terms at t^(n+1,2)
... Computing reactions for dt = 6.878191822e-09
[Level 0 step 4] Advanced 8192 cells
[Level 1 step 7] ADVANCE with dt = 3.439095911e-09
SDC iteration 1 of 2.
... Computing diffusion terms at t^(n)
... Computing hydro advance
... Computing diffusion terms at t^(n+1,1)
... Computing reactions for dt = 3.439095911e-09
SDC iteration 2 of 2.
... Computing hydro advance
... Computing diffusion terms at t^(n+1,2)
... Computing reactions for dt = 3.439095911e-09
[Level 1 step 7] Advanced 10240 cells
[Level 2 step 13] ADVANCE with dt = 1.719547955e-09
SDC iteration 1 of 2.
... Computing diffusion terms at t^(n)
... Computing hydro advance
... Computing diffusion terms at t^(n+1,1)
... Computing reactions for dt = 1.719547955e-09
SDC iteration 2 of 2.
... Computing hydro advance
... Computing diffusion terms at t^(n+1,2)
... Computing reactions for dt = 1.719547955e-09
[Level 2 step 13] Advanced 40960 cells
[Level 2 step 14] ADVANCE with dt = 1.719547955e-09
SDC iteration 1 of 2.
... Computing diffusion terms at t^(n)
... Computing hydro advance
... Computing diffusion terms at t^(n+1,1)
... Computing reactions for dt = 1.719547955e-09
SDC iteration 2 of 2.
... Computing hydro advance
... Computing diffusion terms at t^(n+1,2)
... Computing reactions for dt = 1.719547955e-09
[Level 2 step 14] Advanced 40960 cells
PeleC::reflux() at level 1 : time = 0.2852217359
[Level 1 step 8] ADVANCE with dt = 3.439095911e-09
SDC iteration 1 of 2.
... Computing diffusion terms at t^(n)
... Computing hydro advance
... Computing diffusion terms at t^(n+1,1)
... Computing reactions for dt = 3.439095911e-09
SDC iteration 2 of 2.
... Computing hydro advance
... Computing diffusion terms at t^(n+1,2)
... Computing reactions for dt = 3.439095911e-09
[Level 1 step 8] Advanced 10240 cells
[Level 2 step 15] ADVANCE with dt = 1.719547955e-09
SDC iteration 1 of 2.
... Computing diffusion terms at t^(n)
... Computing hydro advance
... Computing diffusion terms at t^(n+1,1)
... Computing reactions for dt = 1.719547955e-09
SDC iteration 2 of 2.
... Computing hydro advance
... Computing diffusion terms at t^(n+1,2)
... Computing reactions for dt = 1.719547955e-09
[Level 2 step 15] Advanced 40960 cells
[Level 2 step 16] ADVANCE with dt = 1.719547955e-09
SDC iteration 1 of 2.
... Computing diffusion terms at t^(n)
... Computing hydro advance
... Computing diffusion terms at t^(n+1,1)
... Computing reactions for dt = 1.719547955e-09
SDC iteration 2 of 2.
... Computing hydro advance
... Computing diffusion terms at t^(n+1,2)
... Computing reactions for dt = 1.719547955e-09
[Level 2 step 16] Advanced 40960 cells
PeleC::reflux() at level 1 : time = 0.2849477439
PeleC::reflux() at level 0 : time = 0.001043645898

TIME= 2.398323685e-08 MASS        = 0.000266740362
TIME= 2.398323685e-08 XMOM        = -6.535617936e-25
TIME= 2.398323685e-08 YMOM        = -3.942136004e-21
TIME= 2.398323685e-08 ZMOM        = 0.01137950156
TIME= 2.398323685e-08 RHO*e       = -497091.9775
TIME= 2.398323685e-08 RHO*K       = 0.3959825514
TIME= 2.398323685e-08 RHO*E       = -497091.5815
TIME= 2.398323685e-08 ENSTROPHY   = 0.4694475949
TIME= 2.398323685e-08 FUEL PROD   = 0
TIME= 2.398323685e-08 TEMP        = 474.0030292

[STEP 4] Coarse TimeStep time: 6.31174216
[STEP 4] FAB kilobyte spread across MPI nodes: [45434 ... 75785]

STEP = 4 TIME = 2.398323685e-08 DT = 6.878191822e-09

...estimated hydro-limited timestep at level 0: 5.167687297e-08
PeleC::estTimeStep (hydro-limited) at level 0:  estdt = 5.167687297e-08
...estimated hydro-limited timestep at level 1: 2.584341148e-08
PeleC::estTimeStep (hydro-limited) at level 1:  estdt = 2.584341148e-08
...estimated hydro-limited timestep at level 2: 1.293475125e-08
PeleC::estTimeStep (hydro-limited) at level 2:  estdt = 1.293475125e-08
PeleC::compute_new_dt : limiting dt at level 0
 ... new dt computed: 5.167687297e-08
 ... but limiting to: 7.566011004e-09 = 1.1 * 6.878191822e-09
PeleC::compute_new_dt : limiting dt at level 1
 ... new dt computed: 2.584341148e-08
 ... but limiting to: 3.783005502e-09 = 1.1 * 3.439095911e-09
PeleC::compute_new_dt : limiting dt at level 2
 ... new dt computed: 1.293475125e-08
 ... but limiting to: 1.891502751e-09 = 1.1 * 1.719547955e-09
Now regridding at level lbase = 0
grid_places() time: 0.007056164 new finest: 2
STEP = 4 TIME = 2.398323685e-08 : REGRID  with lbase = 0
  Level 1   5 grids  10240 cells  15.625 % of domain
            smallest grid: 16 x 16 x 8  biggest grid: 16 x 16 x 8
  Level 2   6 grids  40960 cells  7.8125 % of domain
            smallest grid: 32 x 16 x 8  biggest grid: 32 x 16 x 16

[Level 0 step 5] ADVANCE with dt = 7.566011004e-09
SDC iteration 1 of 2.
... Computing diffusion terms at t^(n)
... Computing hydro advance
... Computing diffusion terms at t^(n+1,1)
... Computing reactions for dt = 7.566011004e-09
SDC iteration 2 of 2.
... Computing hydro advance
... Computing diffusion terms at t^(n+1,2)
... Computing reactions for dt = 7.566011004e-09
[Level 0 step 5] Advanced 8192 cells
[Level 1 step 9] ADVANCE with dt = 3.783005502e-09
SDC iteration 1 of 2.
... Computing diffusion terms at t^(n)
... Computing hydro advance
... Computing diffusion terms at t^(n+1,1)
... Computing reactions for dt = 3.783005502e-09
SDC iteration 2 of 2.
... Computing hydro advance
... Computing diffusion terms at t^(n+1,2)
... Computing reactions for dt = 3.783005502e-09
[Level 1 step 9] Advanced 10240 cells
[Level 2 step 17] ADVANCE with dt = 1.891502751e-09
SDC iteration 1 of 2.
... Computing diffusion terms at t^(n)
... Computing hydro advance
... Computing diffusion terms at t^(n+1,1)
... Computing reactions for dt = 1.891502751e-09
SDC iteration 2 of 2.
... Computing hydro advance
... Computing diffusion terms at t^(n+1,2)
... Computing reactions for dt = 1.891502751e-09
[Level 2 step 17] Advanced 40960 cells
[Level 2 step 18] ADVANCE with dt = 1.891502751e-09
SDC iteration 1 of 2.
... Computing diffusion terms at t^(n)
... Computing hydro advance
... Computing diffusion terms at t^(n+1,1)
... Computing reactions for dt = 1.891502751e-09
SDC iteration 2 of 2.
... Computing hydro advance
... Computing diffusion terms at t^(n+1,2)
... Computing reactions for dt = 1.891502751e-09
[Level 2 step 18] Advanced 40960 cells
PeleC::reflux() at level 1 : time = 0.28529194
[Level 1 step 10] ADVANCE with dt = 3.783005502e-09
SDC iteration 1 of 2.
... Computing diffusion terms at t^(n)
... Computing hydro advance
... Computing diffusion terms at t^(n+1,1)
... Computing reactions for dt = 3.783005502e-09
SDC iteration 2 of 2.
... Computing hydro advance
... Computing diffusion terms at t^(n+1,2)
... Computing reactions for dt = 3.783005502e-09
[Level 1 step 10] Advanced 10240 cells
[Level 2 step 19] ADVANCE with dt = 1.891502751e-09
SDC iteration 1 of 2.
... Computing diffusion terms at t^(n)
... Computing hydro advance
... Computing diffusion terms at t^(n+1,1)
... Computing reactions for dt = 1.891502751e-09
SDC iteration 2 of 2.
... Computing hydro advance
... Computing diffusion terms at t^(n+1,2)
... Computing reactions for dt = 1.891502751e-09
[Level 2 step 19] Advanced 40960 cells
[Level 2 step 20] ADVANCE with dt = 1.891502751e-09
SDC iteration 1 of 2.
... Computing diffusion terms at t^(n)
... Computing hydro advance
... Computing diffusion terms at t^(n+1,1)
... Computing reactions for dt = 1.891502751e-09
SDC iteration 2 of 2.
... Computing hydro advance
... Computing diffusion terms at t^(n+1,2)
... Computing reactions for dt = 1.891502751e-09
[Level 2 step 20] Advanced 40960 cells
PeleC::reflux() at level 1 : time = 0.293276431
PeleC::reflux() at level 0 : time = 0.00110270083

TIME= 3.154924785e-08 MASS        = 0.000266740362
TIME= 3.154924785e-08 XMOM        = 8.230753804e-25
TIME= 3.154924785e-08 YMOM        = -7.939951604e-21
TIME= 3.154924785e-08 ZMOM        = 0.01137950021
TIME= 3.154924785e-08 RHO*e       = -497091.9775
TIME= 3.154924785e-08 RHO*K       = 0.3959826349
TIME= 3.154924785e-08 RHO*E       = -497091.5815
TIME= 3.154924785e-08 ENSTROPHY   = 0.4658054326
TIME= 3.154924785e-08 FUEL PROD   = 0
TIME= 3.154924785e-08 TEMP        = 474.0030231

[STEP 5] Coarse TimeStep time: 6.332352787
[STEP 5] FAB kilobyte spread across MPI nodes: [45434 ... 75785]

STEP = 5 TIME = 3.154924785e-08 DT = 7.566011004e-09

PLOTFILE: file = FIAB-3d_plt00005
Write plotfile time = 0.023453797  seconds


Ending run at 12:02:14 UTC on 2019-04-24.
Run time = 32.11163159
Run time w/o init = 31.4734545
AMReX (19.04.2-290-g9ed24023d5a0) finalized
