/projects/ecp/combustion/pelec-testing/amrex/Tools/Plotfile//fcompare.gnu.ex -n 0 /projects/ecp/combustion/pelec-testing/PeleC-benchmarks/FIAB-2d_plt00030 FIAB-2d_plt00030

            variable name            absolute error            relative error
                                        (||A - B||)         (||A - B||/||A||)
 ----------------------------------------------------------------------------
 level = 0
 density                                          0                         0
 xmom                                             0                         0
 ymom                                             0                         0
 zmom                                             0                         0
 rho_E                                            0                         0
 rho_e                                            0                         0
 Temp                                             0                         0
 rho_omega_H2                                     0                         0
 rho_omega_O2                                     0                         0
 rho_omega_H2O                                    0                         0
 rho_omega_H                                      0                         0
 rho_omega_O                                      0                         0
 rho_omega_OH                                     0                         0
 rho_omega_HO2                                    0                         0
 rho_omega_H2O2                                   0                         0
 rho_omega_N2                                     0                         0
 rhoe_dot                                         0                         0
 pressure                                         0                         0
 Y(H2)                                            0                         0
 Y(O2)                                            0                         0
 Y(H2O)                                           0                         0
 Y(H)                                             0                         0
 Y(O)                                             0                         0
 Y(OH)                                            0                         0
 Y(HO2)                                           0                         0
 Y(H2O2)                                          0                         0
 Y(N2)                                            0                         0
 x_velocity                                       0                         0
 y_velocity                                       0                         0
 level = 1
 density                                          0                         0
 xmom                                             0                         0
 ymom                                             0                         0
 zmom                                             0                         0
 rho_E                                            0                         0
 rho_e                                            0                         0
 Temp                                             0                         0
 rho_omega_H2                                     0                         0
 rho_omega_O2                                     0                         0
 rho_omega_H2O                                    0                         0
 rho_omega_H                                      0                         0
 rho_omega_O                                      0                         0
 rho_omega_OH                                     0                         0
 rho_omega_HO2                                    0                         0
 rho_omega_H2O2                                   0                         0
 rho_omega_N2                                     0                         0
 rhoe_dot                                         0                         0
 pressure                                         0                         0
 Y(H2)                                            0                         0
 Y(O2)                                            0                         0
 Y(H2O)                                           0                         0
 Y(H)                                             0                         0
 Y(O)                                             0                         0
 Y(OH)                                            0                         0
 Y(HO2)                                           0                         0
 Y(H2O2)                                          0                         0
 Y(N2)                                            0                         0
 x_velocity                                       0                         0
 y_velocity                                       0                         0
 level = 2
 density                                          0                         0
 xmom                                             0                         0
 ymom                                             0                         0
 zmom                                             0                         0
 rho_E                                            0                         0
 rho_e                                            0                         0
 Temp                                             0                         0
 rho_omega_H2                                     0                         0
 rho_omega_O2                                     0                         0
 rho_omega_H2O                                    0                         0
 rho_omega_H                                      0                         0
 rho_omega_O                                      0                         0
 rho_omega_OH                                     0                         0
 rho_omega_HO2                                    0                         0
 rho_omega_H2O2                                   0                         0
 rho_omega_N2                                     0                         0
 rhoe_dot                                         0                         0
 pressure                                         0                         0
 Y(H2)                                            0                         0
 Y(O2)                                            0                         0
 Y(H2O)                                           0                         0
 Y(H)                                             0                         0
 Y(O)                                             0                         0
 Y(OH)                                            0                         0
 Y(HO2)                                           0                         0
 Y(H2O2)                                          0                         0
 Y(N2)                                            0                         0
 x_velocity                                       0                         0
 y_velocity                                       0                         0
 PLOTFILE AGREE
