/projects/ecp/combustion/pelec-testing/amrex/Tools/Plotfile//fcompare.gnu.ex -n 0 /projects/ecp/combustion/pelec-testing/PeleC-benchmarks/Sod-2_plt00034 Sod-2_plt00034

            variable name            absolute error            relative error
                                        (||A - B||)         (||A - B||/||A||)
 ----------------------------------------------------------------------------
 level = 0
 density                                          0                         0
 xmom                                             0                         0
 ymom                                             0                         0
 zmom                                             0                         0
 rho_E                                            0                         0
 rho_e                                            0                         0
 Temp                                             0                         0
 rho_X                                            0                         0
 pressure                                         0                         0
 kineng                                           0                         0
 enstrophy                                        0                         0
 soundspeed                                       0                         0
 MachNumber                                       0                         0
 entropy                                          0                         0
 magvort                                          0                         0
 divu                                             0                         0
 eint_E                                           0                         0
 eint_e                                           0                         0
 logden                                           0                         0
 x_velocity                                       0                         0
 y_velocity                                       0                         0
 z_velocity                                       0                         0
 magvel                                           0                         0
 radvel                                           0                         0
 magmom                                           0                         0
 level = 1
 density                                          0                         0
 xmom                                             0                         0
 ymom                                             0                         0
 zmom                                             0                         0
 rho_E                                            0                         0
 rho_e                                            0                         0
 Temp                                             0                         0
 rho_X                                            0                         0
 pressure                                         0                         0
 kineng                                           0                         0
 enstrophy                                        0                         0
 soundspeed                                       0                         0
 MachNumber                                       0                         0
 entropy                                          0                         0
 magvort                                          0                         0
 divu                                             0                         0
 eint_E                                           0                         0
 eint_e                                           0                         0
 logden                                           0                         0
 x_velocity                                       0                         0
 y_velocity                                       0                         0
 z_velocity                                       0                         0
 magvel                                           0                         0
 radvel                                           0                         0
 magmom                                           0                         0
 level = 2
 density                                          0                         0
 xmom                                             0                         0
 ymom                                             0                         0
 zmom                                             0                         0
 rho_E                                            0                         0
 rho_e                                            0                         0
 Temp                                             0                         0
 rho_X                                            0                         0
 pressure                                         0                         0
 kineng                                           0                         0
 enstrophy                                        0                         0
 soundspeed                                       0                         0
 MachNumber                                       0                         0
 entropy                                          0                         0
 magvort                                          0                         0
 divu                                             0                         0
 eint_E                                           0                         0
 eint_e                                           0                         0
 logden                                           0                         0
 x_velocity                                       0                         0
 y_velocity                                       0                         0
 z_velocity                                       0                         0
 magvel                                           0                         0
 radvel                                           0                         0
 magmom                                           0                         0
 PLOTFILE AGREE
