Already up to date.
Already up to date.
Your branch is up to date with 'origin/development'.
Already on 'development'
Already up to date.
Your branch is up to date with 'origin/development'.
Already on 'development'
Already up to date.
Your branch is up to date with 'origin/development'.
Already on 'development'
Updating 6036e9b..136ee1d
Fast-forward
 Support/PMF/pmf_builder.py | 235 +++++++++++++++++++++++++++++++++++++++++++++
 1 file changed, 235 insertions(+)
 create mode 100644 Support/PMF/pmf_builder.py
From https://github.com/AMReX-Combustion/PelePhysics
   6036e9b..136ee1d  development    -> origin/development
 * [new branch]      feature_efield -> origin/feature_efield
   1226b3e..136ee1d  master         -> origin/master
Your branch is up to date with 'origin/development'.
Already on 'development'
Already up to date.
Your branch is up to date with 'origin/development'.
Already on 'development'
Already up to date.
From https://github.com/AMReX-Combustion/PelePhysics
   7716989..bf46a8b  cvode      -> origin/cvode
Your branch is up to date with 'origin/development'.
Already on 'development'
Already up to date.
Your branch is up to date with 'origin/development'.
Already on 'development'
Already up to date.
From https://github.com/AMReX-Combustion/PelePhysics
 * [new branch]      cvode_C_merge -> origin/cvode_C_merge
Your branch is up to date with 'origin/development'.
Already on 'development'
Already up to date.
From https://github.com/AMReX-Combustion/PelePhysics
 * [new branch]      regtests_ReactEval -> origin/regtests_ReactEval
Your branch is up to date with 'origin/development'.
Already on 'development'
Updating 136ee1d..831533d
Fast-forward
 Reactions/Fuego/_parameters              |  9 +++++----
 Reactions/Fuego/actual_reactor.f90       |  7 ++++++-
 Testing/Exec/EosEval/main.cpp            |  3 ++-
 Testing/Exec/ReactEval/main.cpp          |  3 ++-
 Testing/Exec/ReactEval/main_nd.F90       |  4 ++--
 Testing/Exec/ReactEval/probin            |  3 +++
 Testing/Exec/ReactEval/probin-gamma      |  7 -------
 Testing/Exec/TranEval/main.cpp           |  3 ++-
 Testing/Regression/PelePhysics-tests.ini | 29 +++++++++++++++++++++++++++++
 9 files changed, 51 insertions(+), 17 deletions(-)
 delete mode 100644 Testing/Exec/ReactEval/probin-gamma
From https://github.com/AMReX-Combustion/PelePhysics
   136ee1d..831533d  development   -> origin/development
   aa708f3..dc85787  cvode_C_merge -> origin/cvode_C_merge
Your branch is up to date with 'origin/development'.
Already on 'development'
Already up to date.
From https://github.com/AMReX-Combustion/PelePhysics
   dc85787..9f809d4  cvode_C_merge -> origin/cvode_C_merge
Your branch is up to date with 'origin/development'.
Already on 'development'
Already up to date.
From https://github.com/AMReX-Combustion/PelePhysics
   be2b143..52d3eaf  acc_test   -> origin/acc_test
Your branch is up to date with 'origin/development'.
Already on 'development'
Already up to date.
Your branch is up to date with 'origin/development'.
Already on 'development'
Already up to date.
From https://github.com/AMReX-Combustion/PelePhysics
   9f809d4..94efc3e  cvode_C_merge -> origin/cvode_C_merge
Your branch is up to date with 'origin/development'.
Already on 'development'
Updating 831533d..ca18ca5
Fast-forward
 .gitignore                                         |    56 +
 Eos/Fuego/eos.F90                                  |   135 +-
 Eos/Peng-Robinson/actual_eos.F90                   |    28 +-
 Eos/Soave-Redlich-Kwong/eos.F90                    |    46 +-
 Reactions/Fuego/Make.package                       |     8 +-
 Reactions/Fuego/actual_Creactor.cpp                |  1277 +
 Reactions/Fuego/actual_Creactor.h                  |   131 +
 Reactions/Fuego/actual_network.f90                 |     4 +-
 Reactions/Fuego/actual_reactor.F90                 |   427 +
 Reactions/Fuego/actual_reactor.f90                 |   278 -
 Reactions/{ => Fuego}/react_type.F90               |     3 +
 Reactions/Make.package                             |     2 -
 Reactions/Null/Make.package                        |     2 +-
 Reactions/Null/actual_reactor.F90                  |    42 +
 Reactions/Null/actual_reactor.f90                  |    64 -
 Reactions/Null_air/Make.package                    |     2 +-
 Reactions/Null_air/actual_reactor.F90              |    41 +
 Reactions/Null_air/actual_reactor.f90              |    64 -
 Reactions/reactor.F90                              |    75 -
 .../BurkeDryer/{BurkeDryer.c => BurkeDryer.cpp}    |  2531 +-
 .../Fuego/Mechanism/Models/BurkeDryer/Make.package |     2 +-
 .../Mechanism/Models/BurkeDryer/make-BurkeDryer.sh |     2 +-
 .../{BurkeDryer_mod.c => BurkeDryer_mod.cpp}       |  2584 +-
 .../Mechanism/Models/BurkeDryer_mod/Make.package   |     2 +-
 .../Models/BurkeDryer_mod/make-BurkeDryer_mod.sh   |     4 +-
 .../Mechanism/Models/Davis/{Davis.c => Davis.cpp}  |  3148 +-
 Support/Fuego/Mechanism/Models/Davis/Make.package  |     2 +-
 Support/Fuego/Mechanism/Models/Davis/make-Davis.sh |     2 +-
 .../Fuego/Mechanism/Models/JL4/{JL4.c => JL4.cpp}  |   938 +-
 Support/Fuego/Mechanism/Models/JL4/Make.package    |     2 +-
 Support/Fuego/Mechanism/Models/JL4/make-JL4.sh     |     6 +-
 .../Mechanism/Models/Kolla/{Kolla.c => Kolla.cpp}  |  2687 +-
 Support/Fuego/Mechanism/Models/Kolla/Make.package  |     2 +-
 Support/Fuego/Mechanism/Models/Kolla/make-Kolla.sh |     2 +-
 .../Models/LiDryer/{LiDryer.c => LiDryer.cpp}      |  2164 +-
 .../Fuego/Mechanism/Models/LiDryer/Make.package    |     2 +-
 .../Fuego/Mechanism/Models/LiDryer/make-LiDryer.sh |     4 +-
 .../Mechanism/Models/LuDME/{LuDME.c => LuDME.cpp}  | 11643 ++++++-
 Support/Fuego/Mechanism/Models/LuDME/Make.package  |     2 +-
 Support/Fuego/Mechanism/Models/LuDME/make-LuDME.sh |     2 +-
 .../LuEthylene/{LuEthylene.c => LuEthylene.cpp}    | 13028 ++++++-
 .../Fuego/Mechanism/Models/LuEthylene/Make.package |     2 +-
 .../Mechanism/Models/LuEthylene/make-LuEthylene.sh |     2 +-
 Support/Fuego/Mechanism/Models/air/Make.package    |     2 +-
 .../Fuego/Mechanism/Models/air/{air.c => air.cpp}  |   750 +-
 Support/Fuego/Mechanism/Models/air/make-air.sh     |     2 +-
 Support/Fuego/Mechanism/Models/alzeta/Make.package |     2 +-
 .../Models/alzeta/{alzeta.c => alzeta.cpp}         | 33837 +++++++++++++++++--
 .../Fuego/Mechanism/Models/alzeta/make-Alzeta.sh   |     4 +-
 .../Mechanism/Models/chem-CH4-2step/Make.package   |     2 +-
 .../{chem-CH4-2step.c => chem-CH4-2step.cpp}       |   872 +-
 .../Models/chem-CH4-2step/make-chem-CH4-2step.sh   |     6 +-
 Support/Fuego/Mechanism/Models/chem-H/Make.package |     2 +-
 .../Models/chem-H/{chem-H.c => chem-H.cpp}         |  2418 +-
 .../Fuego/Mechanism/Models/chem-H/make-chem-H.sh   |     4 +-
 .../Mechanism/Models/dodecane_lu/Make.package      |     2 +-
 .../dodecane_lu/{dodecane_lu.c => dodecane_lu.cpp} | 16465 ++++++++-
 .../Models/dodecane_lu/make-dodecane_lu.sh         |     4 +-
 .../Mechanism/Models/dodecane_wang/Make.package    |     2 +-
 .../{dodecane_wang.c => dodecane_wang.cpp}         | 18120 +++++++++-
 .../dodecane_wang/make-realgas_dodecane_wang.sh    |     2 +-
 Support/Fuego/Mechanism/Models/drm19/Make.package  |     2 +-
 .../Mechanism/Models/drm19/{drm19.c => drm19.cpp}  |  5779 +++-
 Support/Fuego/Mechanism/Models/drm19/make-drm19.sh |     4 +-
 .../Fuego/Mechanism/Models/grimech12/Make.package  |     2 +-
 .../grimech12/{grimech12.c => grimech12.cpp}       | 11360 ++++++-
 .../Mechanism/Models/grimech12/make-grimech12.sh   |     6 +-
 .../Mechanism/Models/grimech30-noArN/Make.package  |     2 +-
 .../{grimech30-noArN.c => grimech30-noArN.cpp}     | 13452 +++++++-
 .../Models/grimech30-noArN/make-grimech30-noArN.sh |     4 +-
 .../Fuego/Mechanism/Models/grimech30/Make.package  |     2 +-
 .../grimech30/{grimech30.c => grimech30.cpp}       | 20892 +++++++++++-
 .../Mechanism/Models/grimech30/make-grimech30.sh   |     4 +-
 Support/Fuego/Mechanism/chemistry_module.f90       |     6 +-
 .../fuego/fuego/serialization/c/CPickler.py        |  1766 +-
 Testing/Exec/EosEval/main.cpp                      |    75 +-
 Testing/Exec/ReactEval/GNUmakefile                 |     2 +-
 Testing/Exec/ReactEval/main.cpp                    |    96 +-
 Testing/Exec/ReactEval/main_nd.F90                 |    43 +-
 Testing/Exec/ReactEvalCVODE/GNUmakefile            |    51 +
 Testing/Exec/ReactEvalCVODE/Make.package           |     4 +
 Testing/Exec/ReactEvalCVODE/inputs.2d              |    19 +
 Testing/Exec/ReactEvalCVODE/main.cpp               |   249 +
 Testing/Exec/ReactEvalCVODE/main_F.H               |    25 +
 Testing/Exec/ReactEvalCVODE/main_nd.F90            |   154 +
 Testing/Exec/ReactEvalCVODE/probdata.f90           |    10 +
 Testing/Exec/ReactEvalCVODE/probin                 |     0
 Testing/Exec/TranEval/main.cpp                     |    77 +-
 Testing/Regression/PelePhysics-tests.ini           |    13 +
 Transport/Simple/actual_transport.f90              |     5 +-
 Transport/Simple/actual_transport_nonideal.f90     |     5 +-
 91 files changed, 155085 insertions(+), 12968 deletions(-)
 create mode 100644 .gitignore
 create mode 100644 Reactions/Fuego/actual_Creactor.cpp
 create mode 100644 Reactions/Fuego/actual_Creactor.h
 create mode 100644 Reactions/Fuego/actual_reactor.F90
 delete mode 100644 Reactions/Fuego/actual_reactor.f90
 rename Reactions/{ => Fuego}/react_type.F90 (92%)
 create mode 100644 Reactions/Null/actual_reactor.F90
 delete mode 100644 Reactions/Null/actual_reactor.f90
 create mode 100644 Reactions/Null_air/actual_reactor.F90
 delete mode 100644 Reactions/Null_air/actual_reactor.f90
 delete mode 100644 Reactions/reactor.F90
 rename Support/Fuego/Mechanism/Models/BurkeDryer/{BurkeDryer.c => BurkeDryer.cpp} (80%)
 rename Support/Fuego/Mechanism/Models/BurkeDryer_mod/{BurkeDryer_mod.c => BurkeDryer_mod.cpp} (79%)
 rename Support/Fuego/Mechanism/Models/Davis/{Davis.c => Davis.cpp} (80%)
 rename Support/Fuego/Mechanism/Models/JL4/{JL4.c => JL4.cpp} (85%)
 rename Support/Fuego/Mechanism/Models/Kolla/{Kolla.c => Kolla.cpp} (79%)
 rename Support/Fuego/Mechanism/Models/LiDryer/{LiDryer.c => LiDryer.cpp} (79%)
 rename Support/Fuego/Mechanism/Models/LuDME/{LuDME.c => LuDME.cpp} (76%)
 rename Support/Fuego/Mechanism/Models/LuEthylene/{LuEthylene.c => LuEthylene.cpp} (74%)
 rename Support/Fuego/Mechanism/Models/air/{air.c => air.cpp} (77%)
 rename Support/Fuego/Mechanism/Models/alzeta/{alzeta.c => alzeta.cpp} (74%)
 rename Support/Fuego/Mechanism/Models/chem-CH4-2step/{chem-CH4-2step.c => chem-CH4-2step.cpp} (84%)
 rename Support/Fuego/Mechanism/Models/chem-H/{chem-H.c => chem-H.cpp} (78%)
 rename Support/Fuego/Mechanism/Models/dodecane_lu/{dodecane_lu.c => dodecane_lu.cpp} (76%)
 rename Support/Fuego/Mechanism/Models/dodecane_wang/{dodecane_wang.c => dodecane_wang.cpp} (76%)
 rename Support/Fuego/Mechanism/Models/drm19/{drm19.c => drm19.cpp} (76%)
 rename Support/Fuego/Mechanism/Models/grimech12/{grimech12.c => grimech12.cpp} (74%)
 rename Support/Fuego/Mechanism/Models/grimech30-noArN/{grimech30-noArN.c => grimech30-noArN.cpp} (74%)
 rename Support/Fuego/Mechanism/Models/grimech30/{grimech30.c => grimech30.cpp} (75%)
 create mode 100644 Testing/Exec/ReactEvalCVODE/GNUmakefile
 create mode 100644 Testing/Exec/ReactEvalCVODE/Make.package
 create mode 100644 Testing/Exec/ReactEvalCVODE/inputs.2d
 create mode 100644 Testing/Exec/ReactEvalCVODE/main.cpp
 create mode 100644 Testing/Exec/ReactEvalCVODE/main_F.H
 create mode 100644 Testing/Exec/ReactEvalCVODE/main_nd.F90
 create mode 100644 Testing/Exec/ReactEvalCVODE/probdata.f90
 create mode 100644 Testing/Exec/ReactEvalCVODE/probin
From https://github.com/AMReX-Combustion/PelePhysics
   831533d..ca18ca5  development -> origin/development
Your branch is up to date with 'origin/development'.
Already on 'development'
Already up to date.
From https://github.com/AMReX-Combustion/PelePhysics
   52d3eaf..71b733d  acc_test   -> origin/acc_test
Your branch is up to date with 'origin/development'.
Already on 'development'
Already up to date.
Already up to date.
Already up to date.
Already up to date.
Your branch is up to date with 'origin/development'.
Already on 'development'
Already up to date.
From https://github.com/AMReX-Combustion/PelePhysics
 * [new branch]      add_3spmodels_to_PelePhysics -> origin/add_3spmodels_to_PelePhysics
 * [new branch]      add_3spmodels_to_PelePhysics_take2 -> origin/add_3spmodels_to_PelePhysics_take2
Your branch is up to date with 'origin/development'.
Already on 'development'
Already up to date.
From https://github.com/AMReX-Combustion/PelePhysics
   71b733d..5bfdd26  acc_test   -> origin/acc_test
   bf46a8b..51d5c0d  cvode      -> origin/cvode
   136ee1d..9fa53f2  master     -> origin/master
Your branch is up to date with 'origin/development'.
Already on 'development'
Already up to date.
Your branch is up to date with 'origin/development'.
Already on 'development'
Already up to date.
Your branch is up to date with 'origin/development'.
Already on 'development'
Already up to date.
Your branch is up to date with 'origin/development'.
Already on 'development'
Already up to date.
From https://github.com/AMReX-Combustion/PelePhysics
   e35a666..dfcbf0d  add_3spmodels_to_PelePhysics_take2 -> origin/add_3spmodels_to_PelePhysics_take2
 * [new branch]      hari/chemreorder -> origin/hari/chemreorder
   9fa53f2..d4383fa  master           -> origin/master
Your branch is up to date with 'origin/development'.
Already on 'development'
Already up to date.
Your branch is up to date with 'origin/development'.
Already on 'development'
Already up to date.
Your branch is up to date with 'origin/development'.
Already on 'development'
Updating ca18ca5..4894728
Fast-forward
 Reactions/Null/actual_reactor.F90     | 2 +-
 Reactions/Null_air/actual_reactor.F90 | 2 +-
 2 files changed, 2 insertions(+), 2 deletions(-)
From https://github.com/AMReX-Combustion/PelePhysics
   ca18ca5..4894728  development -> origin/development
Your branch is up to date with 'origin/development'.
Already on 'development'
Already up to date.
Your branch is up to date with 'origin/development'.
Already on 'development'
Already up to date.
Your branch is up to date with 'origin/development'.
Already on 'development'
Already up to date.
Your branch is up to date with 'origin/development'.
Already on 'development'
Already up to date.
Your branch is up to date with 'origin/development'.
Already on 'development'
Already up to date.
From https://github.com/AMReX-Combustion/PelePhysics
   d4383fa..1289e34  master     -> origin/master
Your branch is up to date with 'origin/development'.
Already on 'development'
Updating 4894728..1f668c2
Fast-forward
 .../Fuego/Mechanism/Models/decane_3sp/Make.package |    1 +
 .../Models/decane_3sp/TRANFILE_APPEND.txt          |    5 +
 Support/Fuego/Mechanism/Models/decane_3sp/chem.inp |   24 +
 .../Mechanism/Models/decane_3sp/decane_3sp.cpp     | 4095 ++++++++++++++++++++
 .../Mechanism/Models/decane_3sp/make-decane_3sp.sh |   20 +
 .../Fuego/Mechanism/Models/decane_3sp/therm.dat    |  319 ++
 Support/Fuego/Mechanism/Models/decane_3sp/tran.dat |  152 +
 .../Mechanism/Models/heptane_3sp/Make.package      |    1 +
 .../Fuego/Mechanism/Models/heptane_3sp/chem.inp    |   24 +
 .../Mechanism/Models/heptane_3sp/heptane_3sp.c     | 3697 ++++++++++++++++++
 .../Mechanism/Models/heptane_3sp/heptane_3sp.cpp   | 3568 +++++++++++++++++
 .../Models/heptane_3sp/make-heptane_3sp.sh         |   20 +
 .../Fuego/Mechanism/Models/heptane_3sp/therm.dat   |   43 +
 .../Fuego/Mechanism/Models/heptane_3sp/tran.dat    |  179 +
 .../fuego/fuego/serialization/c/CPickler.py        |   45 +-
 .../fuego/serialization/mechanisms/Mechanism.py    |  258 ++
 16 files changed, 12449 insertions(+), 2 deletions(-)
 create mode 100644 Support/Fuego/Mechanism/Models/decane_3sp/Make.package
 create mode 100644 Support/Fuego/Mechanism/Models/decane_3sp/TRANFILE_APPEND.txt
 create mode 100644 Support/Fuego/Mechanism/Models/decane_3sp/chem.inp
 create mode 100644 Support/Fuego/Mechanism/Models/decane_3sp/decane_3sp.cpp
 create mode 100755 Support/Fuego/Mechanism/Models/decane_3sp/make-decane_3sp.sh
 create mode 100644 Support/Fuego/Mechanism/Models/decane_3sp/therm.dat
 create mode 100644 Support/Fuego/Mechanism/Models/decane_3sp/tran.dat
 create mode 100644 Support/Fuego/Mechanism/Models/heptane_3sp/Make.package
 create mode 100644 Support/Fuego/Mechanism/Models/heptane_3sp/chem.inp
 create mode 100644 Support/Fuego/Mechanism/Models/heptane_3sp/heptane_3sp.c
 create mode 100644 Support/Fuego/Mechanism/Models/heptane_3sp/heptane_3sp.cpp
 create mode 100755 Support/Fuego/Mechanism/Models/heptane_3sp/make-heptane_3sp.sh
 create mode 100644 Support/Fuego/Mechanism/Models/heptane_3sp/therm.dat
 create mode 100644 Support/Fuego/Mechanism/Models/heptane_3sp/tran.dat
From https://github.com/AMReX-Combustion/PelePhysics
   4894728..1f668c2  development -> origin/development
Your branch is up to date with 'origin/development'.
Already on 'development'
Already up to date.
Your branch is up to date with 'origin/development'.
Already on 'development'
Updating 1f668c2..2f533e5
Fast-forward
 .../Mechanism/Models/LiDryer/make-LiDryerF.sh      |   28 +
 .../pythia-0.4/packages/fuego/fuego/fmc/FMC.py     |    1 +
 .../packages/fuego/fuego/serialization/Make.mm     |    1 +
 .../fuego/fuego/serialization/f/FPickler.py        | 8874 ++++++++++++++++++++
 .../packages/fuego/fuego/serialization/f/Make.mm   |   35 +
 .../fuego/fuego/serialization/f/__init__.py        |   25 +
 .../packages/fuego/fuego/serialization/pickle.py   |    3 +
 Transport/transport.F90                            |    2 +-
 8 files changed, 8968 insertions(+), 1 deletion(-)
 create mode 100755 Support/Fuego/Mechanism/Models/LiDryer/make-LiDryerF.sh
 create mode 100644 Support/Fuego/Pythia/pythia-0.4/packages/fuego/fuego/serialization/f/FPickler.py
 create mode 100644 Support/Fuego/Pythia/pythia-0.4/packages/fuego/fuego/serialization/f/Make.mm
 create mode 100644 Support/Fuego/Pythia/pythia-0.4/packages/fuego/fuego/serialization/f/__init__.py
From https://github.com/AMReX-Combustion/PelePhysics
   1f668c2..2f533e5  development -> origin/development
 * [new branch]      feature_PP  -> origin/feature_PP
Your branch is up to date with 'origin/development'.
Already on 'development'
Already up to date.
Your branch is up to date with 'origin/development'.
Already on 'development'
Already up to date.
Your branch is up to date with 'origin/development'.
Already on 'development'
Updating 2f533e5..5ce24f2
Fast-forward
 .../Fuego/Mechanism/Models/FFCM1_Red/FFCM1_Red.cpp | 31659 +++++++++++++++++++
 .../Fuego/Mechanism/Models/FFCM1_Red/Make.package  |     4 +
 .../FFCM1_Red/PMFs/CH4-1_O2-2_N2-2p5_H2-5p833.f    | 19165 +++++++++++
 .../Mechanism/Models/FFCM1_Red/TRANFILE_APPEND.txt |    23 +
 .../Mechanism/Models/FFCM1_Red/make-FFCM1_Red.sh   |    20 +
 .../Models/FFCM1_Red/scheme-FFCM1_Red.dat          |   223 +
 .../Fuego/Mechanism/Models/FFCM1_Red/thermdat.dat  |   219 +
 .../Fuego/Mechanism/Models/FFCM1_Red/tpdat-d.dat   |   162 +
 8 files changed, 51475 insertions(+)
 create mode 100644 Support/Fuego/Mechanism/Models/FFCM1_Red/FFCM1_Red.cpp
 create mode 100644 Support/Fuego/Mechanism/Models/FFCM1_Red/Make.package
 create mode 100644 Support/Fuego/Mechanism/Models/FFCM1_Red/PMFs/CH4-1_O2-2_N2-2p5_H2-5p833.f
 create mode 100644 Support/Fuego/Mechanism/Models/FFCM1_Red/TRANFILE_APPEND.txt
 create mode 100755 Support/Fuego/Mechanism/Models/FFCM1_Red/make-FFCM1_Red.sh
 create mode 100644 Support/Fuego/Mechanism/Models/FFCM1_Red/scheme-FFCM1_Red.dat
 create mode 100644 Support/Fuego/Mechanism/Models/FFCM1_Red/thermdat.dat
 create mode 100644 Support/Fuego/Mechanism/Models/FFCM1_Red/tpdat-d.dat
From https://github.com/AMReX-Combustion/PelePhysics
   2f533e5..5ce24f2  development   -> origin/development
 * [new branch]      feature_FFCM1 -> origin/feature_FFCM1
   cd10b18..ba42431  feature_PP    -> origin/feature_PP
Your branch is up to date with 'origin/development'.
Already on 'development'
Already up to date.
Your branch is up to date with 'origin/development'.
Already on 'development'
Already up to date.
From https://github.com/AMReX-Combustion/PelePhysics
   ba42431..c995075  feature_PP -> origin/feature_PP
Your branch is up to date with 'origin/development'.
Already on 'development'
Already up to date.
Your branch is up to date with 'origin/development'.
Already on 'development'
Already up to date.
From https://github.com/AMReX-Combustion/PelePhysics
   c995075..7d587c4  feature_PP -> origin/feature_PP
Your branch is up to date with 'origin/development'.
Already on 'development'
Already up to date.
Your branch is up to date with 'origin/development'.
Already on 'development'
Already up to date.
Your branch is up to date with 'origin/development'.
Already on 'development'
Already up to date.
From https://github.com/AMReX-Combustion/PelePhysics
   7d587c4..e56b3d5  feature_PP -> origin/feature_PP
Your branch is up to date with 'origin/development'.
Already on 'development'
Already up to date.
Your branch is up to date with 'origin/development'.
Already on 'development'
Already up to date.
